31
2E
30
30
2E
31
2F
2F
31
2E
2F
30
2D
30
2F
2E
30
2E
2F
2F
2D
30
2F
2E
30
2E
2F
30
2D
2F
2F
2E
30
2E
2F
30
2D
2F
2F
2D
30
2F
2E
30
2E
2F
2F
2D
30
2F
2E
33
39
3E
46
48
4E
55
56
5D
61
62
68
68
6C
71
71
76
79
79
7E
7E
80
84
83
87
88
89
8C
8C
8D
90
8E
92
92
92
95
94
95
97
95
98
98
97
9A
99
99
9B
9A
9B
9C
9A
9C
9C
9C
9E
9C
9D
9E
9C
9E
9E
9D
A0
9E
9E
A0
9D
9F
A0
9E
A0
9F
A0
A1
9F
A0
A1
9F
A1
A0
A0
A2
A0
A1
A2
A0
A1
A1
A0
A3
9C
92
8C
82
7D
78
6F
6C
67
5F
5E
57
53
51
4A
49
46
40
41
3C
39
38
33
35
33
30
33
30
30
32
2F
30
30
2E
31
2F
2F
31
2E
2F
30
2D
30
30
2E
31
2F
2E
30
2D
2F
2F
2D
30
2F
2E
30
2E
2F
30
2D
30
2F
2E
30
2E
2F
30
2D
2F
2F
2F
30
2E
2E
30
2D
2F
2F
2E
30
2E
2F
30
33
3C
42
45
4D
51
54
5B
5C
60
66
66
6C
6F
70
76
77
78
7C
7C
7F
83
82
86
87
88
8B
8A
8D
8F
8E
92
92
92
94
93
95
96
95
98
97
98
9A
98
9A
9A
99
9B
9B
9A
9D
9B
9C
9E
9B
9D
9E
9C
9F
9E
9E
9F
9D
9E
9F
9D
A0
9F
9E
A1
9F
A0
A0
9E
A1
A0
9F
A2
A0
A0
A2
9F
A1
A1
A0
A2
A1
A1
A2
A0
97
91
87
81
7B
73
70
69
63
60
59
56
53
4C
4C
47
43
42
3D
3A
39
34
36
33
31
33
31
31
31
2F
31
30
2F
31
2F
2F
31
2E
30
2F
2E
31
2F
2F
30
2D
2F
2F
2E
30
2F
2E
30
2E
2F
30
2D
30
2F
2D
30
2E
2E
30
2D
2F
2F
2D
30
2F
2F
30
2D
2F
2F
2E
30
2F
2E
30
2D
2F
2F
30
39
3F
42
4A
4E
51
58
59
5E
63
64
6A
6D
6E
73
74
76
7B
7B
7F
81
81
85
85
88
8A
89
8D
8D
8E
91
90
92
94
92
95
95
95
98
97
97
99
97
9A
9A
99
9C
9A
9B
9D
9A
9C
9D
9B
9E
9D
9D
9F
9D
9E
9F
9D
9F
9F
9E
A0
9F
9F
A0
9E
A0
A0
9E
A1
A0
A0
A2
A0
A0
A1
9F
A1
A1
9F
A2
A1
A1
A2
A0
9E
96
8B
86
7E
77
73
6B
66
63
5B
59
55
4F
4E
48
45
44
3E
3D
3A
36
37
33
32
33
30
32
31
2F
32
30
2F
31
2E
30
30
2E
31
2F
2E
31
2E
2F
30
2D
30
2F
2E
31
2F
2F
30
2D
2F
30
2D
30
2F
2E
30
2D
2F
2F
2D
30
2F
2E
30
2E
2F
30
2D
30
2F
2E
30
2E
2F
30
2D
2F
2F
2E
35
3A
3F
47
49
4F
55
57
5D
60
63
69
69
6D
72
72
76
79
7A
7F
7F
80
84
84
86
89
89
8D
8D
8D
91
8F
92
93
92
95
95
95
97
96
98
98
97
9A
99
98
9B
99
9B
9C
9A
9C
9B
9C
9E
9D
9D
9E
9C
9E
9E
9D
9F
9E
9E
A0
9E
9E
A0
9E
9F
A0
9F
A1
A0
A0
A1
9F
A1
A1
A0
A2
A0
A1
A2
A0
A1
A1
A0
A3
9C
92
8C
82
7C
77
6F
6B
66
5F
5D
57
52
51
4A
47
46
40
40
9A
9A
9B
99
9C
9C
9B
9D
9C
9C
9E
9C
9D
9E
9C
9F
9E
9E
A0
9E
9F
A0
9D
A0
9F
9E
A1
A0
A0
A1
9F
A0
A1
9F
A2
A0
A0
A2
A0
A1
A2
A0
A1
A1
A1
9C
91
89
83
7A
75
70
68
66
60
5A
58
51
4E
4C
46
45
42
3D
3D
37
36
35
31
34
32
30
32
30
30
31
2E
30
30
2E
31
2F
2F
31
2E
2F
30
2E
31
30
2E
31
2E
2F
30
2D
30
2F
2E
2F
2E
2F
30
2D
2E
2F
2D
30
2F
2E
30
2D
2F
30
2D
30
2F
2E
30
2E
2E
30
2D
30
2F
2E
31
2E
2F
38
3C
43
49
4C
53
57
59
60
60
65
6A
6B
70
73
73
79
79
7B
7F
7F
82
85
85
89
89
8A
8D
8B
8E
90
90
93
93
93
96
94
96
97
96
99
98
98
9A
98
9A
9B
99
9C
9C
9B
9D
9C
9C
9E
9B
9D
9E
9C
9F
9E
9E
9F
9D
9F
9F
9E
A0
9F
9F
A1
9F
A0
A0
9F
A1
A0
A0
A2
A0
A0
A1
9F
A1
A1
A0
A2
A1
A1
A0
95
8D
86
7D
7A
73
6B
69
61
5D
5A
53
51
4E
48
47
43
3E
3E
39
37
36
32
34
32
31
33
30
30
31
2F
31
30
2F
31
2E
2F
30
2E
30
2F
2E
30
2E
2F
30
2D
2F
2F
2E
30
2F
2F
30
2D
2F
2F
2D
30
2F
2E
30
2E
2E
2F
2D
2F
2F
2E
30
2E
2F
2F
2D
2F
2F
2E
30
2E
2E
30
2D
2F
33
38
41
46
49
51
53
57
5D
5F
63
68
69
6E
71
72
77
77
7A
7E
7E
82
83
84
88
87
8A
8C
8B
90
8F
90
92
91
93
94
93
97
96
96
99
