2F
30
2D
2F
2F
2E
30
2F
2E
30
2D
2F
2F
2D
30
2F
2E
30
2D
2F
2F
2D
30
2F
2E
30
2E
2E
30
2D
2F
2F
2D
30
2F
2E
39
3D
43
4A
4C
54
58
5A
61
62
65
6B
6B
70
73
74
79
7A
7B
80
7F
82
85
85
89
89
8A
8D
8C
8F
90
90
93
93
93
96
94
96
97
96
99
98
98
9B
99
9A
9B
99
9B
9C
9B
9D
9C
9C
9E
9C
9D
9E
9C
9F
9E
9E
A0
9D
9F
9F
9D
A0
9F
9F
A1
9F
A0
A0
9E
A0
A0
9F
A2
A0
A0
A2
A0
A1
A1
9F
A2
A1
A1
A0
96
8D
87
7D
79
73
6C
69
62
5D
5A
53
51
4E
48
48
43
3F
3E
39
37
36
32
34
32
31
33
30
30
31
2E
31
30
2E
31
2F
2F
30
2E
2F
30
2E
31
2F
2F
30
2D
2F
30
2D
30
2F
2E
30
2D
2F
30
2D
30
2F
2E
30
2E
2E
30
2D
2F
2F
2E
30
2E
2E
30
2D
2F
2F
2D
30
2F
2E
30
2D
2F
2F
35
3D
44
47
4E
52
55
5C
5D
61
67
67
6D
6F
70
76
76
78
7D
7C
81
83
83
87
87
88
8B
8A
8E
8F
8F
92
91
92
94
93
96
96
96
99
98
98
9A
98
9A
9A
99
9C
9B
9B
9D
9B
9C
9D
9B
9E
9D
9D
9F
9D
9E
9F
9D
9F
9F
9E
A0
9F
9F
A0
9E
A0
A0
9F
A1
A0
A0
A1
9F
A0
A1
9F
A2
A1
A0
A2
A1
A1
A2
A0
98
91
87
83
7B
73
70
68
63
60
59
56
53
4D
4C
47
43
41
3C
3C
39
36
36
32
32
32
30
32
31
2F
32
30
2F
31
2E
30
30
2E
31
2F
2E
31
2E
2F
30
2D
30
2F
2E
30
2F
2E
30
2D
2F
30
2D
30
2E
2E
30
2D
2F
30
2D
30
2F
2E
30
2D
2F
2F
2D
30
2F
2E
30
2E
2E
30
2D
2F
2F
2D
36
3C
40
48
4A
50
56
57
5E
61
63
69
6A
6D
72
72
77
7A
79
7F
80
80
85
84
86
89
89
8D
8D
8E
90
8F
91
93
92
95
95
95
98
96
97
99
97
9A
9A
99
9C
9A
9B
9C
9A
9C
9C
9B
9E
9D
9D
9E
9C
9E
9E
9D
9F
9E
9E
A0
9E
9F
A0
9E
A0
A0
9F
A1
9F
A0
A1
9F
A1
A1
A0
A2
A1
A0
A2
A0
A1
A1
A0
A2
9C
92
8C
82
7C
77
6F
6B
66
5F
5D
58
52
51
4A
48
46
40
40
3C
38
38
33
34
33
30
33
31
30
32
2F
2F
31
2E
30
30
2E
31
2F
2F
30
2D
30
2F
2E
31
2F
2F
30
2E
2F
30
2E
30
2F
2E
30
2E
2F
30
2D
30
2F
2E
30
2E
2E
2F
2D
2F
2E
2E
31
2E
2E
30
2E
2F
30
2D
2F
2F
2E
30
31
38
40
43
4A
50
52
59
5C
5E
64
65
6A
6F
6E
74
76
77
7C
7C
7E
82
81
86
86
87
8B
8A
8C
8E
8E
91
91
92
94
94
95
96
95
97
97
97
9A
99
99
9B
99
9B
9B
9A
9D
9C
9B
9E
9C
9D
9E
9C
9E
9E
9D
9F
9E
9E
9F
9E
9F
9F
9E
A1
9F
9F
A1
9F
A0
A0
9F
A1
A0
A0
A2
A0
A1
A1
9F
A2
A1
A0
A3
A1
9F
96
8C
86
7F
77
73
6D
67
63
5C
58
56
4F
4D
4A
45
45
3F
3C
3B
36
36
35
32
34
31
31
32
2F
31
30
2F
33
30
30
31
2E
30
30
2E
31
2F
2F
31
2E
2F
30
2E
30
2F
2E
31
2E
2F
2F
2D
30
2F
2E
30
2F
2E
30
2D
2F
2F
2D
30
2F
2E
30
2D
2F
2F
2D
30
2F
2E
30
2E
2F
30
2D
2F
2F
2D
31
2F
2F
35
39
40
48
49
51
55
58
5E
5F
63
69
69
6F
72
72
78
79
7A
7F
7E
81
84
84
88
89
89
8D
8C
8E
90
8F
93
92
93
95
94
96
97
96
98
98
98
9B
99
99
9B
99
9B
9B
9A
9D
9C
9C
9D
9C
9D
9E
9C
9F
9E
9E
A0
9E
9F
9F
9D
A0
9F
9F
A1
9F
A0
A1
9E
A0
A1
9F
A2
A0
A1
A2
A0
A1
A0
A0
A2
A1
A1
A2
9A
93
8B
82
7D
77
6E
6C
65
5F
5D
56
53
50
4A
49
45
40
40
3A
39
37
33
35
32
31
33
30
30
31
2F
31
30
2F
31
2F
2F
31
2E
30
2F
2E
31
2F
2F
30
2D
2F
2F
2D
30
2F
2E
30
2E
2F
2F
2D
30
2F
2E
30
2E
2E
30
2D
2F
2F
2E
30
2F
2E
30
2D
2F
2F
2D
30
2E
2E
30
2E
2F
2F
31
3B
40
44
4C
4F
53
59
5B
60
65
66
6C
6E
6F
74
74
78
7C
7B
80
82
82
86
86
88
8A
8A
8E
8E
8E
91
90
92
94
93
95
96
95
98
97
98
99
98
9A
99
99
9B
9B
9B
9D
9A
9C
9D
9B
9E
9D
9D
9F
9D
9E
9F
9D
9F
9F
9E
A0
9E
9F
A0
9E
A0
A0
9F
A1
A0
A0
A2
9F
A1
A1
9F
A2
A1
A0
A2
A1
A1
A2
9F
9D
94
8A
85
7D
76
72
6A
65
62
5B
59
54
4E
4E
47
44
43
3D
3D
39
36
