4A
41
3D
38
32
2F
2A
26
25
20
1E
1D
18
18
16
13
13
10
0F
0F
0C
0C
0C
09
0A
08
07
08
06
06
06
04
06
05
03
04
03
03
04
02
03
02
01
03
01
01
02
00
02
02
00
02
01
00
02
00
01
01
00
01
01
00
01
00
00
01
00
01
00
00
01
00
00
01
00
00
01
00
01
00
00
01
00
00
09
10
1A
20
26
2D
30
34
39
3A
3F
41
42
45
45
47
49
49
4B
4C
4C
4E
4D
4D
4F
4E
4F
50
4F
51
50
50
51
50
50
51
50
51
51
51
52
51
51
52
50
52
52
51
52
51
51
52
50
52
52
51
52
51
51
52
51
51
52
51
52
52
51
52
51
51
52
50
52
52
51
53
51
51
52
50
52
52
51
52
52
51
52
51
51
52
4C
47
3F
39
35
30
2B
29
24
22
20
1C
1B
18
16
15
12
11
11
0E
0E
0C
0A
0B
09
09
09
06
08
07
05
06
04
04
05
03
04
04
02
04
02
02
03
01
02
02
01
02
01
01
02
00
01
02
00
01
01
00
02
00
00
01
00
01
01
00
01
00
00
01
00
00
01
00
01
00
00
01
00
00
01
00
01
00
03
0E
15
1D
25
29
2F
34
36
3B
3D
3F
43
43
45
48
47
4A
4B
4B
4D
4C
4D
4F
4D
4F
4F
4F
50
4F
4F
51
4F
51
51
50
52
50
50
52
50
51
52
51
52
51
51
52
50
51
52
50
52
52
51
52
51
51
52
51
52
52
51
52
51
51
52
51
51
52
50
52
52
51
53
51
51
52
50
52
52
51
52
51
51
52
50
52
52
51
52
48
41
3C
36
32
2E
29
27
23
20
1F
1B
19
18
14
14
12
10
10
0D
0C
0D
0A
0A
09
08
09
07
06
07
05
05
05
04
05
04
03
04
02
02
03
01
03
02
01
03
01
01
02
00
01
02
00
02
01
00
01
00
01
01
00
01
00
00
01
00
00
01
00
01
01
00
01
00
00
01
00
00
01
00
01
00
00
01
08
12
1B
21
28
2C
30
36
38
3C
3F
40
44
45
46
49
48
4A
4C
4B
4D
4D
4D
4F
4F
4E
50
4E
4F
51
4F
51
51
50
52
50
50
52
50
51
52
51
52
51
51
52
50
52
52
51
52
51
51
52
50
52
52
51
52
51
51
52
50
52
52
51
52
51
51
52
51
51
52
50
52
52
51
52
51
51
52
50
52
52
51
52
52
51
52
51
4C
46
3E
3A
34
2F
2D
28
25
23
1E
1D
1B
17
17
14
12
12
0F
0F
0E
0B
0C
0A
09
0A
07
08
08
05
07
05
04
06
03
03
04
03
04
03
02
03
02
01
02
01
02
02
00
02
01
00
02
00
01
01
00
01
01
00
02
00
00
01
00
01
01
00
01
00
00
01
00
00
01
00
01
00
00
01
00
00
01
00
04
0E
16
1F
24
29
2F
32
37
3B
3C
41
41
43
46
46
49
4A
49
4C
4B
4C
4E
4D
4E
50
4E
50
50
4F
51
50
50
51
4F
51
52
51
52
51
50
52
50
51
52
50
52
52
51
52
50
51
52
51
52
51
51
52
51
51
52
51
52
52
51
52
51
51
52
50
52
52
51
52
4A
4B
4D
4C
4E
4E
4D
4F
4E
4F
50
4F
51
50
50
52
50
50
51
50
51
52
51
52
51
50
52
50
52
52
51
52
51
50
52
51
51
53
50
52
52
51
52
51
51
52
50
52
52
51
52
51
51
52
51
51
52
51
53
52
51
52
50
52
52
51
52
52
51
53
51
51
52
49
43
3D
37
33
2E
2A
28
23
21
1F
1B
1B
17
15
14
11
11
10
0D
0E
0C
0A
0B
08
08
08
06
07
07
05
06
05
04
04
03
04
04
02
04
02
02
03
01
02
02
01
02
02
00
02
00
00
02
00
01
01
00
02
00
00
01
00
00
01
00
01
00
00
01
00
00
01
00
01
01
00
01
00
00
01
00
01
01
06
11
18
1F
27
2A
30
35
37
3C
3E
3F
43
44
45
48
48
4B
4B
4B
4D
4C
4D
4F
4D
50
4F
4E
51
4F
50
51
4F
51
51
50
52
51
50
52
50
51
52
50
52
52
51
52
50
51
52
50
52
52
51
52
51
51
52
50
52
52
51
53
51
51
52
50
51
53
51
52
52
51
52
51
51
52
50
52
52
51
52
51
51
52
50
52
52
51
50
47
3F
3B
34
31
2D
28
26
23
1F
1E
1A
18
17
14
14
12
10
10
0D
0C
0C
0A
0A
0A
07
09
07
06
06
04
05
05
03
05
04
03
04
02
02
03
01
02
03
01
03
01
00
02
00
01
01
00
02
01
00
02
00
01
01
00
01
01
01
02
00
00
01
00
00
01
00
01
00
00
01
00
00
01
00
01
00
00
00
09
13
1B
21
28
2D
31
36
39
3B
3F
