3F
43
44
44
48
47
49
4B
4A
4D
4D
4D
4F
4D
4E
4F
4E
50
50
50
51
50
50
51
4F
51
52
50
52
51
50
52
50
51
52
50
52
52
51
52
51
51
52
50
52
52
51
52
51
50
52
50
52
52
51
52
52
51
52
51
51
53
51
52
52
51
52
50
51
52
51
52
52
51
52
51
51
52
50
51
4A
41
3D
37
31
2F
29
26
24
20
1F
1C
19
18
15
13
13
10
10
0F
0C
0D
0A
09
0A
07
08
08
06
07
06
04
05
04
04
05
03
04
03
02
03
01
02
02
01
02
02
01
02
01
00
02
00
01
02
00
02
01
00
01
00
00
01
00
01
01
00
01
00
00
01
00
01
01
00
01
00
00
01
00
00
01
00
01
09
11
1B
20
27
2D
30
36
39
3B
3F
40
42
45
45
48
4A
49
4C
4B
4C
4E
4D
4E
4F
4E
50
4F
4F
51
4F
50
51
50
52
51
50
52
51
51
52
50
52
52
51
52
51
50
52
50
52
52
51
52
51
50
52
51
52
52
51
52
51
51
52
50
51
52
51
52
52
51
52
51
50
52
51
52
52
51
52
51
51
52
50
51
52
51
52
52
4B
46
3E
38
34
2F
2C
29
24
23
1F
1C
1B
17
16
15
12
12
10
0E
0E
0B
0B
0B
09
09
08
07
08
06
05
06
04
05
05
03
04
03
02
03
01
02
03
01
03
02
01
02
00
01
02
00
02
01
00
02
00
00
01
00
01
01
00
01
00
00
01
00
00
01
00
01
00
00
01
00
00
01
00
01
00
00
01
00
04
0F
16
1F
25
2A
30
33
37
3B
3C
40
43
43
46
47
48
4A
4A
4B
4D
4C
4E
4E
4E
50
4E
4F
50
4F
51
51
50
52
50
50
51
50
51
52
50
52
51
50
52
50
51
52
50
52
52
51
52
51
51
52
50
52
52
51
52
51
51
52
50
52
52
51
52
52
50
52
50
51
53
51
52
52
51
52
51
51
52
51
52
52
51
53
51
51
50
47
41
3C
35
32
2D
29
27
22
20
1E
1A
1A
17
14
16
11
10
10
0D
0D
0C
0A
0B
09
07
08
06
07
07
05
06
05
03
05
03
03
04
02
03
03
02
03
01
01
02
00
02
02
01
02
01
00
01
00
01
02
00
02
00
00
01
00
00
01
00
01
01
00
01
00
00
01
00
01
01
00
01
00
00
01
00
00
03
0A
14
1B
21
29
2C
31
36
38
3D
3F
40
44
44
45
48
48
4A
4C
4B
4D
4D
4D
4F
4E
4F
50
4F
51
50
4F
51
50
51
52
50
51
51
51
52
51
51
52
50
52
51
51
52
51
50
52
50
52
52
51
53
51
50
53
50
51
52
51
52
52
51
52
51
51
52
50
52
52
51
53
51
50
52
51
52
52
51
53
52
50
52
51
51
52
51
4C
44
3D
39
33
2E
2B
27
25
22
1E
1D
1A
17
16
13
12
12
0F
0F
0D
0D
0C
09
09
09
07
08
07
06
07
05
04
04
03
04
04
03
04
02
02
03
01
02
03
01
03
01
00
01
00
01
02
00
02
01
00
02
00
00
01
00
01
01
00
01
00
00
01
00
00
01
00
01
00
00
02
00
00
01
00
01
01
00
01
00
00
0B
12
1B
22
27
2E
31
34
3A
3B
3F
42
42
46
47
47
4A
49
4A
4D
4B
4D
4E
4E
4F
4F
4F
50
4F
51
51
50
52
50
50
51
50
51
52
50
52
51
50
52
51
51
52
50
52
52
51
53
51
51
52
51
52
52
51
53
51
50
52
50
52
52
51
52
51
51
53
51
51
52
51
52
52
51
53
51
51
52
51
52
52
51
52
51
51
52
4B
45
3F
38
35
2F
2B
29
24
21
1F
1B
1B
18
15
15
12
11
11
0D
0E
0D
0B
0B
09
08
09
06
07
07
05
06
05
04
05
03
03
04
01
04
03
01
03
02
01
02
00
02
02
01
02
01
00
01
00
01
02
00
01
01
00
01
00
00
01
00
01
00
00
01
00
01
01
00
01
01
00
01
00
00
01
00
00
01
04
10
17
1D
26
2A
2F
34
36
3B
3E
3F
43
44
45
48
47
4A
4B
4A
4D
4C
4D
4F
4D
4F
50
4F
51
50
4F
51
4F
50
51
50
51
51
50
52
50
50
52
50
52
52
51
52
51
51
52
50
52
52
50
53
52
51
52
51
51
53
51
52
52
50
52
51
51
52
50
52
52
51
53
51
51
52
50
52
52
50
52
52
51
52
50
51
53
51
51
49
41
3C
36
31
2E
29
26
24
20
1F
1B
18
18
14
13
14
10
10
0E
0C
0D
0A
09
0A
07
08
07
06
07
05
04
05
03
05
04
03
04
02
02
03
01
02
03
01
03
01
01
02
00
01
02
00
02
00
00
02
00
00
01
00
01
01
01
01
00
00
01
00
